Removed Pin From Net: NetName=VCC Pin=D?-2
Removed Pin From Net: NetName=GND Pin=J3-1
Removed Pin From Net: NetName=VCC Pin=J5-1
Removed Pin From Net: NetName=VCC Pin=RL1-2
Removed Pin From Net: NetName=VCC Pin=RL1-5
Removed Member From Class: ClassName=Sheet1 Member=J5
Change Component Designator: OldDesignator=D? NewDesignator=D1
Change Component Designator: OldDesignator=J4 NewDesignator=J3
Added Component: Designator=HD1(HED2)
Add component (AddParameter): Name = "Value"; Value = "Header 2"; VariantName = "[No Variations]"
Added Component: Designator=J4(JP4)
Add component (AddParameter): Name = "Value"; Value = "J3"; VariantName = "[No Variations]"
Added Pin To Net: NetName=GND Pin=D1-2
Added Pin To Net: NetName=GND Pin=HD1-1
Added Pin To Net: NetName=VCC Pin=HD1-2
Added Pin To Net: NetName=VCC Pin=J4-3
Added Pin To Net: NetName=GND Pin=J4-4
Added Pin To Net: NetName=GND Pin=RL1-5
Added Pin To Net: NetName=NetJ4_1 Pin=J4-1
Added Pin To Net: NetName=NetJ4_1 Pin=RL1-1
Added Net: Name=NetJ4_1
Added Pin To Net: NetName=NetJ4_2 Pin=J4-2
Added Pin To Net: NetName=NetJ4_2 Pin=RL1-3
Added Net: Name=NetJ4_2
Added Member To Class: ClassName=Sheet1 Member=Component HD1 Header 2
